  main_win_rel.cpp
  Crinkler 2.0 (Jul 28 2015) (c) 2005-2015 Aske Simon Christensen & Rune Stubbe
  
  Ignoring unknown argument '/ERRORREPORT:PROMPT'
  Ignoring unknown argument '/NOLOGO'
  Ignoring unknown argument '/NODEFAULTLIB'
  Ignoring unknown argument '/MANIFEST:NO'
  Ignoring unknown argument '/DEBUG:FULL'
  Ignoring unknown argument '/PDB:.\exe\i1k_OGLShader.pdb'
  Ignoring unknown argument '/TLBID:1'
  Ignoring unknown argument '/DYNAMICBASE:NO'
  Ignoring unknown argument '/IMPLIB:.\exe\i1k_OGLShader.lib'
  Ignoring unknown argument '/MACHINE:X86'
  Ignoring unknown argument '/SAFESEH'
  Target: .\exe\i1k_OGLShader.exe
  Tiny compressor: NO
  Tiny import: NO
  Subsystem type: WINDOWS
  Large address aware: NO
  Compression mode: SLOW
  Saturate counters: NO
  Hash size: 100 MB
  Hash tries: 300
  Order tries: 4000
  Report: .\exe\out.html
  Transforms: NONE
  Replace DLLs: NONE
  Fallback DLLs: NONE
  Range DLLs: NONE
  Exports: NONE
  
  Loading opengl32.lib...
  Loading glu32.lib...
  Loading winmm.lib...
  Loading kernel32.lib...
  Loading user32.lib...
  Loading gdi32.lib...
  Loading winspool.lib...
  Loading comdlg32.lib...
  Loading advapi32.lib...
  Loading shell32.lib...
  Loading ole32.lib...
  Loading oleaut32.lib...
  Loading uuid.lib...
  Loading odbc32.lib...
  Loading odbccp32.lib...
  Loading .\bin\vc2015\Release\main_win_rel.obj...
  
  Linking...
  
  
  Uncompressed size of code:   404
  Uncompressed size of data:   643
  
  |-- Estimating models for code ----------------------------|
  ............................................................   0m00s
  Ideal compressed size: 256.19
  
  |-- Estimating models for data ----------------------------|
  ............................................................   0m00s
  Ideal compressed size: 269.43
  
  Estimated ideal compressed total size: 525.62
  
  
  Reordering sections...
    Iteration:     0  Code: 256.18  Data: 269.43  Size: 525.62
    Iteration:    22  Code: 255.93  Data: 269.36  Size: 525.29
    Iteration:   115  Code: 257.22  Data: 267.81  Size: 525.03
  Time spent: 0m03s
  
  |-- Reestimating models for code --------------------------|
  ............................................................   0m00s
  Ideal compressed size: 257.22
  
  |-- Reestimating models for data --------------------------|
  ............................................................   0m00s
  Ideal compressed size: 267.56
  
  Reestimated ideal compressed total size: 524.78
  
  |-- Optimizing hash table size ----------------------------|
  ............................................................   0m00s
  Real compressed total size: 525
  Bytes lost to hashing: 0.22
  
  Output file: .\exe\i1k_OGLShader.exe
  Final file size: 873 (previous size 399360)
  
  time spent: 0m06s
  i1k_OGLShader_vc2015.vcxproj -> C:\Users\polyr\Development\cpp\4k\i1k_OGLShader\.\exe\i1k_OGLShader.exe
