  intro.cpp
  main_win_rel.cpp
  mzk.cpp
  Generating Code...
  Crinkler 2.0 (Jul 28 2015) (c) 2005-2015 Aske Simon Christensen & Rune Stubbe
  
  Ignoring unknown argument '/ERRORREPORT:PROMPT'
  Ignoring unknown argument '/NOLOGO'
  Ignoring unknown argument '/NODEFAULTLIB'
  Ignoring unknown argument '/MANIFEST:NO'
  Ignoring unknown argument '/DEBUG:FULL'
  Ignoring unknown argument '/PDB:.\exe\i4k_OGL.pdb'
  Ignoring unknown argument '/TLBID:1'
  Ignoring unknown argument '/DYNAMICBASE:NO'
  Ignoring unknown argument '/IMPLIB:.\exe\i4k_OGL.lib'
  Ignoring unknown argument '/MACHINE:X86'
  Ignoring unknown argument '/SAFESEH'
  Target: .\exe\i4k_OGL.exe
  Tiny compressor: NO
  Tiny import: NO
  Subsystem type: WINDOWS
  Large address aware: NO
  Compression mode: SLOW
  Saturate counters: NO
  Hash size: 100 MB
  Hash tries: 300
  Order tries: 4000
  Report: .\exe\out.html
  Transforms: NONE
  Replace DLLs: NONE
  Fallback DLLs: NONE
  Range DLLs: NONE
  Exports: NONE
  
  Loading opengl32.lib...
  Loading glu32.lib...
  Loading winmm.lib...
  Loading kernel32.lib...
  Loading user32.lib...
  Loading gdi32.lib...
  Loading winspool.lib...
  Loading comdlg32.lib...
  Loading advapi32.lib...
  Loading shell32.lib...
  Loading ole32.lib...
  Loading oleaut32.lib...
  Loading uuid.lib...
  Loading odbc32.lib...
  Loading odbccp32.lib...
  Loading .\bin\vc2015\Release\intro.obj...
  Loading .\bin\vc2015\Release\main_win_rel.obj...
  Loading .\bin\vc2015\Release\mzk.obj...
  
  Linking...
  
  Forced alignment of 1 code hunk to 1.
  
  Uncompressed size of code:   852
  Uncompressed size of data:  1057
  
  |-- Estimating models for code ----------------------------|
  ............................................................   0m00s
  Ideal compressed size: 550.53
  
  |-- Estimating models for data ----------------------------|
  ............................................................   0m01s
  Ideal compressed size: 207.47
  
  Estimated ideal compressed total size: 758.01
  
  
  Reordering sections...
    Iteration:     0  Code: 550.53  Data: 207.47  Size: 758.00
    Iteration:     5  Code: 548.94  Data: 207.84  Size: 756.78
    Iteration:    15  Code: 547.55  Data: 207.85  Size: 755.40
    Iteration:    17  Code: 547.68  Data: 206.90  Size: 754.59
    Iteration:    56  Code: 548.14  Data: 206.21  Size: 754.34
    Iteration:   151  Code: 547.41  Data: 205.22  Size: 752.63
  Time spent: 0m07s
  
  |-- Reestimating models for code --------------------------|
  ............................................................   0m00s
  Ideal compressed size: 547.41
  
  |-- Reestimating models for data --------------------------|
  ............................................................   0m01s
  Ideal compressed size: 205.22
  
  Reestimated ideal compressed total size: 752.63
  
  |-- Optimizing hash table size ----------------------------|
  ............................................................   0m00s
  Real compressed total size: 753
  Bytes lost to hashing: 0.37
  
  Output file: .\exe\i4k_OGL.exe
  Final file size: 1145 (previous size 446976)
  
  time spent: 0m14s
  i4k_OGL_vc2015.vcxproj -> C:\Users\polyr\Development\cpp\4k\i4k_OGL\.\exe\i4k_OGL.exe
